<?xml version="1.0" encoding="UTF-8"?>
<testsuite name="NumbersToWordsTest" tests="2" skipped="0" failures="0" errors="0" timestamp="2016-04-19T23:17:08" hostname="epicodus-79.local" time="0.002">
  <properties/>
  <testcase name="convertToWords_returnsConvertedStringForOnesPlaces_convertedString" classname="NumbersToWordsTest" time="0.001"/>
  <testcase name="convertToWords_returnsConvertedStringForTensPlaces_convertedString" classname="NumbersToWordsTest" time="0.0"/>
  <system-out><![CDATA[]]></system-out>
  <system-err><![CDATA[]]></system-err>
</testsuite>
